{
  "stats": {
    "suites": 1,
    "tests": 1,
    "passes": 1,
    "pending": 0,
    "failures": 0,
    "start": "2022-07-22T21:41:30.342Z",
    "end": "2022-07-22T21:41:53.957Z",
    "duration": 23615,
    "testsRegistered": 1,
    "passPercent": 100,
    "pendingPercent": 0,
    "other": 0,
    "hasOther": false,
    "skipped": 0,
    "hasSkipped": false
  },
  "results": [
    {
      "uuid": "ade96db5-e7c0-43de-840c-2e655a273204",
      "title": "",
      "fullFile": "cypress/integration/specs/TakeHome.spec.js",
      "file": "cypress/integration/specs/TakeHome.spec.js",
      "beforeHooks": [],
      "afterHooks": [],
      "tests": [],
      "suites": [
        {
          "uuid": "afba6a5a-fdb4-45dd-8653-f11bdd0e2102",
          "title": "take home test",
          "fullFile": "",
          "file": "",
          "beforeHooks": [],
          "afterHooks": [],
          "tests": [
            {
              "title": "Navigate to rx-devtest site",
              "fullTitle": "take home test Navigate to rx-devtest site",
              "timedOut": null,
              "duration": 21944,
              "state": "passed",
              "speed": "slow",
              "pass": true,
              "fail": false,
              "pending": false,
              "context": null,
              "code": "//SIGN UP - POSITIVE TEST SCENARIO\ncy.visit('https://rx-devtest.com');\ncy.xpath('//a[@href=\"#/register\"]').click();\ncy.xpath('//input[@placeholder=\"Username\"]').click();\ncy.xpath('//input[@placeholder=\"Username\"]').type('user1234');\ncy.xpath('//input[@placeholder=\"Email\"]').click();\ncy.xpath('//input[@placeholder=\"Email\"]').type('email1234@yahoo.com');\ncy.xpath('//input[@placeholder=\"Password\"]').click();\ncy.xpath('//input[@placeholder=\"Password\"]').type('P@ssW0rd22'); //cy.xpath('//button[@type=\"submit\"]').click();\ncy.wait(3000); //SIGN UP - NEGATIVE TEST SCENARIO\ncy.visit('https://rx-devtest.com');\ncy.xpath('//a[@href=\"#/register\"]').click();\ncy.xpath('//input[@placeholder=\"Username\"]').click();\ncy.xpath('//input[@placeholder=\"Username\"]').type('123');\ncy.xpath('//input[@placeholder=\"Email\"]').click();\ncy.xpath('//input[@placeholder=\"Email\"]').type('123@');\ncy.xpath('//input[@placeholder=\"Password\"]').click();\ncy.xpath('//input[@placeholder=\"Password\"]').type('123456');\ncy.xpath('//button[@type=\"submit\"]').click();\ncy.wait(3000); //LOGIN - POSITIVE TEST\ncy.visit('https://rx-devtest.com');\ncy.xpath('//a[@href=\"#/login\"]').click();\ncy.xpath('//input[@placeholder=\"Email\"]').click();\ncy.xpath('//input[@placeholder=\"Email\"]').type(\"email123@yahoo.com\");\ncy.xpath('//input[@placeholder=\"Password\"]').click();\ncy.xpath('//input[@placeholder=\"Password\"]').type(\"P@ssword123\");\ncy.xpath('//button[@type=\"submit\"]').click();\ncy.wait(3000);\ncy.xpath('//div[@class=\"article-preview\"]').then($Validation => {\n  let textValidation = $Validation.text();\n  cy.log(\"Successful Login Redirect Page Message is \" + textValidation);\n  cy.wait(7000);\n}); //end of then",
              "err": {},
              "uuid": "c7c67579-f2c0-44f9-bc84-a40741b76894",
              "parentUUID": "afba6a5a-fdb4-45dd-8653-f11bdd0e2102",
              "isHook": false,
              "skipped": false
            }
          ],
          "suites": [],
          "passes": [
            "c7c67579-f2c0-44f9-bc84-a40741b76894"
          ],
          "failures": [],
          "pending": [],
          "skipped": [],
          "duration": 21944,
          "root": false,
          "rootEmpty": false,
          "_timeout": 2000
        }
      ],
      "passes": [],
      "failures": [],
      "pending": [],
      "skipped": [],
      "duration": 0,
      "root": true,
      "rootEmpty": true,
      "_timeout": 2000
    }
  ],
  "meta": {
    "mocha": {
      "version": "7.0.1"
    },
    "mochawesome": {
      "options": {
        "quiet": false,
        "reportFilename": "mochawesome",
        "saveHtml": true,
        "saveJson": true,
        "consoleReporter": "spec",
        "useInlineDiffs": false,
        "code": true
      },
      "version": "7.0.1"
    },
    "marge": {
      "options": {
        "charts": true,
        "overwrite": false,
        "html": true,
        "json": true,
        "reportDir": "cypress/report/mochawesome-report",
        "embeddedScreenshots": true,
        "inlineAssets": true,
        "pageLoadTimeout": 12000,
        "trashAssetsBeforeRuns": true,
        "defaultCommandTimeout": 20000
      },
      "version": "6.0.1"
    }
  }
}