{
  "stats": {
    "suites": 1,
    "tests": 1,
    "passes": 1,
    "pending": 0,
    "failures": 0,
    "start": "2022-07-22T01:03:51.955Z",
    "end": "2022-07-22T01:04:11.643Z",
    "duration": 19688,
    "testsRegistered": 1,
    "passPercent": 100,
    "pendingPercent": 0,
    "other": 0,
    "hasOther": false,
    "skipped": 0,
    "hasSkipped": false
  },
  "results": [
    {
      "uuid": "8dce04bf-6cac-4f6d-89aa-6aaad8b762a7",
      "title": "",
      "fullFile": "cypress/integration/specs/TakeHome.spec.js",
      "file": "cypress/integration/specs/TakeHome.spec.js",
      "beforeHooks": [],
      "afterHooks": [],
      "tests": [],
      "suites": [
        {
          "uuid": "1c073e2c-0670-46f5-b133-2d46c4a71064",
          "title": "take home test",
          "fullFile": "",
          "file": "",
          "beforeHooks": [],
          "afterHooks": [],
          "tests": [
            {
              "title": "Navigate to rx-devtest site",
              "fullTitle": "take home test Navigate to rx-devtest site",
              "timedOut": null,
              "duration": 14338,
              "state": "passed",
              "speed": "slow",
              "pass": true,
              "fail": false,
              "pending": false,
              "context": null,
              "code": "//POSITIVE TEST SCENARIO\n//cy.visit('https://rx-devtest.com');\n//cy.xpath('//a[@href=\"#/register\"]').click();\n//cy.xpath('//input[@placeholder=\"Username\"]').click();\n//cy.xpath('//input[@placeholder=\"Username\"]').type('user1234');\n//cy.xpath('//input[@placeholder=\"Email\"]').click();\n//cy.xpath('//input[@placeholder=\"Email\"]').type('email1234@yahoo.com');\n//cy.xpath('//input[@placeholder=\"Password\"]').click();\n//cy.xpath('//input[@placeholder=\"Password\"]').type('P@ssW0rd22')\n//cy.xpath('//button[@type=\"submit\"]').click();\n//cy.wait(7000);\n//NEGATIVE TEST SCENARIO\ncy.visit('https://rx-devtest.com');\ncy.xpath('//a[@href=\"#/register\"]').click();\ncy.xpath('//input[@placeholder=\"Username\"]').click();\ncy.xpath('//input[@placeholder=\"Username\"]').type('123');\ncy.xpath('//input[@placeholder=\"Email\"]').click();\ncy.xpath('//input[@placeholder=\"Email\"]').type('123@');\ncy.xpath('//input[@placeholder=\"Password\"]').click();\ncy.xpath('//input[@placeholder=\"Password\"]').type('123456');\ncy.xpath('//button[@type=\"submit\"]').click();\ncy.wait(7000);",
              "err": {},
              "uuid": "a59ff68a-cb2a-4d8e-bf46-4ad26c7c796f",
              "parentUUID": "1c073e2c-0670-46f5-b133-2d46c4a71064",
              "isHook": false,
              "skipped": false
            }
          ],
          "suites": [],
          "passes": [
            "a59ff68a-cb2a-4d8e-bf46-4ad26c7c796f"
          ],
          "failures": [],
          "pending": [],
          "skipped": [],
          "duration": 14338,
          "root": false,
          "rootEmpty": false,
          "_timeout": 2000
        }
      ],
      "passes": [],
      "failures": [],
      "pending": [],
      "skipped": [],
      "duration": 0,
      "root": true,
      "rootEmpty": true,
      "_timeout": 2000
    }
  ],
  "meta": {
    "mocha": {
      "version": "7.0.1"
    },
    "mochawesome": {
      "options": {
        "quiet": false,
        "reportFilename": "mochawesome",
        "saveHtml": true,
        "saveJson": true,
        "consoleReporter": "spec",
        "useInlineDiffs": false,
        "code": true
      },
      "version": "7.0.1"
    },
    "marge": {
      "options": {
        "charts": true,
        "overwrite": false,
        "html": true,
        "json": true,
        "reportDir": "cypress/report/mochawesome-report",
        "embeddedScreenshots": true,
        "inlineAssets": true,
        "pageLoadTimeout": 12000,
        "trashAssetsBeforeRuns": true,
        "defaultCommandTimeout": 20000
      },
      "version": "6.0.1"
    }
  }
}