{
  "stats": {
    "suites": 1,
    "tests": 1,
    "passes": 1,
    "pending": 0,
    "failures": 0,
    "start": "2022-06-26T17:13:00.169Z",
    "end": "2022-06-26T17:13:56.199Z",
    "duration": 56030,
    "testsRegistered": 1,
    "passPercent": 100,
    "pendingPercent": 0,
    "other": 0,
    "hasOther": false,
    "skipped": 0,
    "hasSkipped": false
  },
  "results": [
    {
      "uuid": "adb1a746-222c-49e9-a064-1631005fdf80",
      "title": "",
      "fullFile": "cypress/integration/specs/WeightWatchersTest.spec.js",
      "file": "cypress/integration/specs/WeightWatchersTest.spec.js",
      "beforeHooks": [],
      "afterHooks": [],
      "tests": [],
      "suites": [
        {
          "uuid": "b97e1a6e-5dcc-4b16-b7e1-aa341d880e36",
          "title": "Capture operation hours for weight watchers in person visit",
          "fullFile": "",
          "file": "",
          "beforeHooks": [],
          "afterHooks": [],
          "tests": [
            {
              "title": "Navigate to weight watchers and capture in person visit hours",
              "fullTitle": "Capture operation hours for weight watchers in person visit Navigate to weight watchers and capture in person visit hours",
              "timedOut": null,
              "duration": 53684,
              "state": "passed",
              "speed": "slow",
              "pass": true,
              "fail": false,
              "pending": false,
              "context": "[\n  \"Address is WW Studio Springfield491 Baltimore PikeSpringfield, PA 19064More Info     \",\n  \"Schedule is SUN9:30 AMClaire B.MON6:00 PMAndi M.TUE8:30 AMAndi M.WED6:30 PMMichele M.THU12:00 PMNancy R.5:30 PMKristina O.FRI9:30 AMMelanie R.SAT7:30 AMAndi M.9:30 AMAndi M.\"\n]",
              "code": "cy.visit('https://www.weightwatchers.com');\ncy.xpath('//*[@data-e2e-name=\"find_a workshop\"]').click({\n  force: true\n});\ncy.wait(7000);\ncy.xpath('//input[@id=\"location-search\"]').click({\n  force: true\n});\ncy.xpath('//input[@id=\"location-search\"]').type('19082');\ncy.xpath('//input[@id=\"location-search\"]').type('{enter}');\ncy.wait(7000);\ncy.xpath('//*[@class=\"heading-3yCF-\"]').eq(3).click({\n  force: true\n});\ncy.xpath('//*[@class=\"infoContainer-12kv1\"]').then($Address => {\n  let textAddress = $Address.text();\n  cy.log(\"Address is \" + textAddress);\n  cy.wait(4000);\n  cy.addContext(\"Address is \" + textAddress);\n  cy.xpath('//div[@class=\"scheduleContainerMobile-1RfmF\"]').then($Schedule => {\n    let textSchedule = $Schedule.text();\n    cy.log(\"Schedule is \" + textSchedule);\n    cy.wait(4000);\n    cy.addContext(\"Schedule is \" + textSchedule);\n  });\n} //end of then\n);",
              "err": {},
              "uuid": "26c26cdb-974b-4448-8f40-cde312242e42",
              "parentUUID": "b97e1a6e-5dcc-4b16-b7e1-aa341d880e36",
              "isHook": false,
              "skipped": false
            }
          ],
          "suites": [],
          "passes": [
            "26c26cdb-974b-4448-8f40-cde312242e42"
          ],
          "failures": [],
          "pending": [],
          "skipped": [],
          "duration": 53684,
          "root": false,
          "rootEmpty": false,
          "_timeout": 2000
        }
      ],
      "passes": [],
      "failures": [],
      "pending": [],
      "skipped": [],
      "duration": 0,
      "root": true,
      "rootEmpty": true,
      "_timeout": 2000
    }
  ],
  "meta": {
    "mocha": {
      "version": "7.0.1"
    },
    "mochawesome": {
      "options": {
        "quiet": false,
        "reportFilename": "mochawesome",
        "saveHtml": true,
        "saveJson": true,
        "consoleReporter": "spec",
        "useInlineDiffs": false,
        "code": true
      },
      "version": "7.0.1"
    },
    "marge": {
      "options": {
        "charts": true,
        "overwrite": false,
        "html": true,
        "json": true,
        "reportDir": "cypress/report/mochawesome-report",
        "embeddedScreenshots": true,
        "inlineAssets": true,
        "pageLoadTimeout": 12000,
        "trashAssetsBeforeRuns": true,
        "defaultCommandTimeout": 20000
      },
      "version": "6.0.1"
    }
  }
}