{
  "stats": {
    "suites": 1,
    "tests": 6,
    "passes": 6,
    "pending": 0,
    "failures": 0,
    "start": "2022-07-23T17:48:41.817Z",
    "end": "2022-07-23T17:49:51.212Z",
    "duration": 69395,
    "testsRegistered": 6,
    "passPercent": 100,
    "pendingPercent": 0,
    "other": 0,
    "hasOther": false,
    "skipped": 0,
    "hasSkipped": false
  },
  "results": [
    {
      "uuid": "91610683-9542-49a1-9a25-b94fc7d6a956",
      "title": "",
      "fullFile": "cypress/integration/specs/TakeHome.spec.js",
      "file": "cypress/integration/specs/TakeHome.spec.js",
      "beforeHooks": [],
      "afterHooks": [],
      "tests": [],
      "suites": [
        {
          "uuid": "0bb2f8bf-63dd-41c4-88e3-111de3679f34",
          "title": "take home test",
          "fullFile": "",
          "file": "",
          "beforeHooks": [],
          "afterHooks": [],
          "tests": [
            {
              "title": "Navigate to Sign Up Page & Sign Up as a New User - Positive Test",
              "fullTitle": "take home test Navigate to Sign Up Page & Sign Up as a New User - Positive Test",
              "timedOut": null,
              "duration": 10512,
              "state": "passed",
              "speed": "slow",
              "pass": true,
              "fail": false,
              "pending": false,
              "context": null,
              "code": "const signup = new _SignUpPage.SignUp();\nconst home = new _HomePage.Home();\nconst settings = new _SettingsPage.Settings();\nconst web = new _WebPage.Web();\nconst newpost = new _NewPostPage.NewPost();\nconst articlehome = new _ArticleHomePage.ArticleHome(); //navigate to page\ncy.visit('https://rx-devtest.com'); //click on register\nweb.clickonregister(); //click on username field\nsignup.clickonusername(); //enter user name\nsignup.typeusername(\"user2155\"); //click on email field\nsignup.clickonemail(); //enter email\nsignup.typeemail(\"email2155@gmail.com\"); //click on password field\nsignup.clickonpassword(); //enter password\nsignup.typepassword(\"P@ssWord22\"); //click on sign up button\nsignup.clickonsignupbutton();\ncy.wait(3000); //click on settings\nhome.clickonsettings();\ncy.wait(3000); //click on logout\nsettings.clickonlogout();",
              "err": {},
              "uuid": "77e85a08-08c1-4bd3-8fe6-3eb790a911a2",
              "parentUUID": "0bb2f8bf-63dd-41c4-88e3-111de3679f34",
              "isHook": false,
              "skipped": false
            },
            {
              "title": "Navigate to Sign Up Page & Sign Up as a New User - Negative Test",
              "fullTitle": "take home test Navigate to Sign Up Page & Sign Up as a New User - Negative Test",
              "timedOut": null,
              "duration": 5934,
              "state": "passed",
              "speed": "medium",
              "pass": true,
              "fail": false,
              "pending": false,
              "context": null,
              "code": "const signup = new _SignUpPage.SignUp();\nconst web = new _WebPage.Web(); //SIGNUP NEGATIVE TEST\n//navigate to page\ncy.visit('https://rx-devtest.com'); //click on register\nweb.clickonregister(); //click on username field\nsignup.clickonusername(); //enter user name\nsignup.typeusername(\"123\"); //click on email field\nsignup.clickonemail(); //enter email\nsignup.typeemail(\"123@\"); //click on password field\nsignup.clickonpassword(); //enter password\nsignup.typepassword(\"123456\"); //click on sign up button\nsignup.clickonsignupbutton();\ncy.wait(3000);",
              "err": {},
              "uuid": "9651dbf0-669f-45e4-8558-cbbe74260bc7",
              "parentUUID": "0bb2f8bf-63dd-41c4-88e3-111de3679f34",
              "isHook": false,
              "skipped": false
            },
            {
              "title": "Navigate to Login Page & Login - Negative Test",
              "fullTitle": "take home test Navigate to Login Page & Login - Negative Test",
              "timedOut": null,
              "duration": 8104,
              "state": "passed",
              "speed": "medium",
              "pass": true,
              "fail": false,
              "pending": false,
              "context": null,
              "code": "//LOGIN - NEGATIVE TEST\nconst web = new _WebPage.Web();\nconst signin = new _SignInPage.SignIn(); //navigate to page\ncy.visit('https://rx-devtest.com'); //click on Sign in\nweb.clickonsignin(); //click on email field\nsignin.clickonemail(); //enter email\nsignin.typeemail(\"email123@yahoo.com\"); //click on password field\nsignin.clickonpassword(); //enter password\nsignin.typepassword(\"P@ssword12\"); //click on sign in button\nsignin.clickonsigninbutton();\ncy.wait(3000);\ncy.xpath('//ul[@class=\"error-messages\"]').then($incorrectLogin => {\n  let textincorrectLogin = $incorrectLogin.text();\n  cy.log(\"Incorrect Login Message is \" + textincorrectLogin);\n  cy.wait(3000);\n}); //end of then",
              "err": {},
              "uuid": "faa12ce3-5939-4227-9269-dcd8cd46ca0e",
              "parentUUID": "0bb2f8bf-63dd-41c4-88e3-111de3679f34",
              "isHook": false,
              "skipped": false
            },
            {
              "title": "Navigate to Login Page & Login - Positive Test",
              "fullTitle": "take home test Navigate to Login Page & Login - Positive Test",
              "timedOut": null,
              "duration": 7635,
              "state": "passed",
              "speed": "medium",
              "pass": true,
              "fail": false,
              "pending": false,
              "context": null,
              "code": "const web = new _WebPage.Web();\nconst signin = new _SignInPage.SignIn(); //LOGIN - POSITIVE TEST\n//navigate to page\ncy.visit('https://rx-devtest.com'); //click on Sign in\nweb.clickonsignin(); //click on email field\nsignin.clickonemail(); //enter email\nsignin.typeemail(\"email123@yahoo.com\"); //click on password field\nsignin.clickonpassword(); //enter password\nsignin.typepassword(\"P@ssword123\"); //click on sign in button\nsignin.clickonsigninbutton();\ncy.wait(3000); //capturing and printing message from user feed to console to validate login\ncy.xpath('//div[@class=\"article-preview\"]').then($Validation => {\n  let textValidation = $Validation.text();\n  cy.log(\"Successful Login Redirect Page Message is \" + textValidation);\n  cy.wait(3000);\n}); //end of then",
              "err": {},
              "uuid": "b0e2abd8-f7a2-4f79-8b65-5036a45aafc2",
              "parentUUID": "0bb2f8bf-63dd-41c4-88e3-111de3679f34",
              "isHook": false,
              "skipped": false
            },
            {
              "title": "Navigate to Web Page and Create a Post",
              "fullTitle": "take home test Navigate to Web Page and Create a Post",
              "timedOut": null,
              "duration": 23000,
              "state": "passed",
              "speed": "slow",
              "pass": true,
              "fail": false,
              "pending": false,
              "context": null,
              "code": "const home = new _HomePage.Home();\nconst newpost = new _NewPostPage.NewPost();\nconst articlehome = new _ArticleHomePage.ArticleHome(); //CREATING A POST\n//click on New Post\nhome.clickonnewpost(); //click on Article Title\nnewpost.clickonarticletitle(); //enter Article Title\nnewpost.typearticletitle(\"HELLO RXMG\"); //click on What's this article about\nnewpost.clickonarticleabout(); //enter What's this article about\nnewpost.typearticleabout(\"TESTING\"); //click on Write your article\nnewpost.clickonarticlewrite(); //enter and write your article\nnewpost.typearticlewrite(\"Hello This is a Test\"); //click on Enter tags\nnewpost.clickonarticletag(); //enter tags\nnewpost.typearticletag(\"Greeting\");\ncy.wait(3000);\nnewpost.clickonarticlepublish();\ncy.wait(3000); //click on Write a comment field\narticlehome.clickoncommentarticle(); //enter comment in comment field\narticlehome.typecommentarticle(\"Amazing 1st Post!\"); //click on Post Comment\narticlehome.clickonpostcomment(); //click on home button\narticlehome.clickonhome(); //click on Global Feed\nhome.clickonglobalfeed(); //capture post from Global Feed and print to console\ncy.xpath('//a[@class=\"preview-link\"]').eq(0).then($postValidation => {\n  let textPostValidation = $postValidation.text();\n  cy.log(\"My post is displaying \" + textPostValidation);\n  cy.wait(3000);\n}); //end of then\n//click on user icon\nhome.clickonuserimage(); //capturr and print post from user feed to console to validate post\ncy.xpath('//div[@class=\"article-preview\"]').then($postValidationUser => {\n  let textPostValidationUser = $postValidationUser.text();\n  cy.log(\"My post is displaying \" + textPostValidationUser);\n  cy.wait(10000);\n}); //end of then",
              "err": {},
              "uuid": "2d82f032-aec6-4c9e-a345-905d6b6d60d6",
              "parentUUID": "0bb2f8bf-63dd-41c4-88e3-111de3679f34",
              "isHook": false,
              "skipped": false
            },
            {
              "title": "Navigate to Web Page and Delete Created Post",
              "fullTitle": "take home test Navigate to Web Page and Delete Created Post",
              "timedOut": null,
              "duration": 11432,
              "state": "passed",
              "speed": "slow",
              "pass": true,
              "fail": false,
              "pending": false,
              "context": null,
              "code": "const articlehome = new _ArticleHomePage.ArticleHome();\nconst home = new _HomePage.Home(); //click on user post\nhome.clickonuserpostlink(); //click on Delete Article\narticlehome.clickondeletearticle(); //click on Global Feed\nhome.clickonglobalfeed();\ncy.wait(5000);\nhome.clickonuserimage();\ncy.wait(5000);",
              "err": {},
              "uuid": "01760b6b-c799-4b5b-bec3-a1cea9c6a1f0",
              "parentUUID": "0bb2f8bf-63dd-41c4-88e3-111de3679f34",
              "isHook": false,
              "skipped": false
            }
          ],
          "suites": [],
          "passes": [
            "77e85a08-08c1-4bd3-8fe6-3eb790a911a2",
            "9651dbf0-669f-45e4-8558-cbbe74260bc7",
            "faa12ce3-5939-4227-9269-dcd8cd46ca0e",
            "b0e2abd8-f7a2-4f79-8b65-5036a45aafc2",
            "2d82f032-aec6-4c9e-a345-905d6b6d60d6",
            "01760b6b-c799-4b5b-bec3-a1cea9c6a1f0"
          ],
          "failures": [],
          "pending": [],
          "skipped": [],
          "duration": 66617,
          "root": false,
          "rootEmpty": false,
          "_timeout": 2000
        }
      ],
      "passes": [],
      "failures": [],
      "pending": [],
      "skipped": [],
      "duration": 0,
      "root": true,
      "rootEmpty": true,
      "_timeout": 2000
    }
  ],
  "meta": {
    "mocha": {
      "version": "7.0.1"
    },
    "mochawesome": {
      "options": {
        "quiet": false,
        "reportFilename": "mochawesome",
        "saveHtml": true,
        "saveJson": true,
        "consoleReporter": "spec",
        "useInlineDiffs": false,
        "code": true
      },
      "version": "7.0.1"
    },
    "marge": {
      "options": {
        "charts": true,
        "overwrite": false,
        "html": true,
        "json": true,
        "reportDir": "cypress/report/mochawesome-report",
        "embeddedScreenshots": true,
        "inlineAssets": true,
        "pageLoadTimeout": 12000,
        "trashAssetsBeforeRuns": true,
        "defaultCommandTimeout": 20000
      },
      "version": "6.0.1"
    }
  }
}