{
  "stats": {
    "suites": 1,
    "tests": 1,
    "passes": 0,
    "pending": 0,
    "failures": 1,
    "start": "2022-06-26T15:01:48.548Z",
    "end": "2022-06-26T15:02:46.467Z",
    "duration": 57919,
    "testsRegistered": 1,
    "passPercent": 0,
    "pendingPercent": 0,
    "other": 0,
    "hasOther": false,
    "skipped": 0,
    "hasSkipped": false
  },
  "results": [
    {
      "uuid": "91a0b633-a80d-4c65-9c52-b03254d9a24b",
      "title": "",
      "fullFile": "cypress/integration/specs/WeightWatchersTest.spec.js",
      "file": "cypress/integration/specs/WeightWatchersTest.spec.js",
      "beforeHooks": [],
      "afterHooks": [],
      "tests": [],
      "suites": [
        {
          "uuid": "55da2f4d-5bf0-4c65-acaa-f6c9e0571264",
          "title": "Capture operation hours for weight watchers in person visit",
          "fullFile": "",
          "file": "",
          "beforeHooks": [],
          "afterHooks": [],
          "tests": [
            {
              "title": "Navigate to weight watchers and capture in person visit hours",
              "fullTitle": "Capture operation hours for weight watchers in person visit Navigate to weight watchers and capture in person visit hours",
              "timedOut": null,
              "duration": 55443,
              "state": "failed",
              "speed": null,
              "pass": false,
              "fail": true,
              "pending": false,
              "context": null,
              "code": "cy.visit('https://www.weightwatchers.com');\ncy.xpath(); //scroll using x and y\n//cy.scrollTo(x, y)\n//select\n//cy.xpath('xpath syntax').select('user value by text')\n//sleep\n//cy.wait(3000)\n//increase viewport of ui\n//cy.viewport(1080, 720)",
              "err": {
                "message": "CypressError: `cy.screenshot()` timed out waiting `30000ms` to complete.",
                "estack": "CypressError: `cy.screenshot()` timed out waiting `30000ms` to complete.\n    at https://www.weightwatchers.com/__cypress/runner/cypress_runner.js:160713:81\n    at tryCatcher (https://www.weightwatchers.com/__cypress/runner/cypress_runner.js:13196:23)\n    at https://www.weightwatchers.com/__cypress/runner/cypress_runner.js:8318:41\n    at tryCatcher (https://www.weightwatchers.com/__cypress/runner/cypress_runner.js:13196:23)\n    at Promise._settlePromiseFromHandler (https://www.weightwatchers.com/__cypress/runner/cypress_runner.js:11131:31)\n    at Promise._settlePromise (https://www.weightwatchers.com/__cypress/runner/cypress_runner.js:11188:18)\n    at Promise._settlePromise0 (https://www.weightwatchers.com/__cypress/runner/cypress_runner.js:11233:10)\n    at Promise._settlePromises (https://www.weightwatchers.com/__cypress/runner/cypress_runner.js:11309:18)\n    at _drainQueueStep (https://www.weightwatchers.com/__cypress/runner/cypress_runner.js:7903:12)\n    at _drainQueue (https://www.weightwatchers.com/__cypress/runner/cypress_runner.js:7896:9)\n    at ../../node_modules/bluebird/js/release/async.js.Async._drainQueues (https://www.weightwatchers.com/__cypress/runner/cypress_runner.js:7912:5)\n    at Async.drainQueues (https://www.weightwatchers.com/__cypress/runner/cypress_runner.js:7782:14)",
                "diff": null
              },
              "uuid": "2f1a786e-e647-48e2-9811-013ab69417c6",
              "parentUUID": "55da2f4d-5bf0-4c65-acaa-f6c9e0571264",
              "isHook": false,
              "skipped": false
            }
          ],
          "suites": [],
          "passes": [],
          "failures": [
            "2f1a786e-e647-48e2-9811-013ab69417c6"
          ],
          "pending": [],
          "skipped": [],
          "duration": 55443,
          "root": false,
          "rootEmpty": false,
          "_timeout": 2000
        }
      ],
      "passes": [],
      "failures": [],
      "pending": [],
      "skipped": [],
      "duration": 0,
      "root": true,
      "rootEmpty": true,
      "_timeout": 2000
    }
  ],
  "meta": {
    "mocha": {
      "version": "7.0.1"
    },
    "mochawesome": {
      "options": {
        "quiet": false,
        "reportFilename": "mochawesome",
        "saveHtml": true,
        "saveJson": true,
        "consoleReporter": "spec",
        "useInlineDiffs": false,
        "code": true
      },
      "version": "7.0.1"
    },
    "marge": {
      "options": {
        "charts": true,
        "overwrite": false,
        "html": true,
        "json": true,
        "reportDir": "cypress/report/mochawesome-report",
        "embeddedScreenshots": true,
        "inlineAssets": true,
        "pageLoadTimeout": 12000,
        "trashAssetsBeforeRuns": true,
        "defaultCommandTimeout": 20000
      },
      "version": "6.0.1"
    }
  }
}