{
  "stats": {
    "suites": 1,
    "tests": 1,
    "passes": 0,
    "pending": 0,
    "failures": 1,
    "start": "2022-06-26T16:59:11.511Z",
    "end": "2022-06-26T17:00:03.617Z",
    "duration": 52106,
    "testsRegistered": 1,
    "passPercent": 0,
    "pendingPercent": 0,
    "other": 0,
    "hasOther": false,
    "skipped": 0,
    "hasSkipped": false
  },
  "results": [
    {
      "uuid": "2f76a46a-118d-4421-9a36-b247f55a58db",
      "title": "",
      "fullFile": "cypress/integration/specs/WeightWatchersTest.spec.js",
      "file": "cypress/integration/specs/WeightWatchersTest.spec.js",
      "beforeHooks": [],
      "afterHooks": [],
      "tests": [],
      "suites": [
        {
          "uuid": "359c26aa-ba17-4b6e-8d57-4de9d5f64d8a",
          "title": "Capture operation hours for weight watchers in person visit",
          "fullFile": "",
          "file": "",
          "beforeHooks": [],
          "afterHooks": [],
          "tests": [
            {
              "title": "Navigate to weight watchers and capture in person visit hours",
              "fullTitle": "Capture operation hours for weight watchers in person visit Navigate to weight watchers and capture in person visit hours",
              "timedOut": null,
              "duration": 49550,
              "state": "failed",
              "speed": null,
              "pass": false,
              "fail": true,
              "pending": false,
              "context": null,
              "code": "cy.visit('https://www.weightwatchers.com');\ncy.xpath('//*[@data-e2e-name=\"find_a workshop\"]').click({\n  force: true\n});\ncy.wait(7000);\ncy.xpath('//input[@id=\"location-search\"]').click({\n  force: true\n});\ncy.xpath('//input[@id=\"location-search\"]').type('19082');\ncy.xpath('//input[@id=\"location-search\"]').type('{enter}');\ncy.wait(7000);\ncy.xpath('//*[@class=\"heading-3yCF-\"]').eq(3).click({\n  force: true\n});\ncy.xpath('//*[@class=\"infoContainer-12kv1\"]').then($Address => {\n  let textAddress = $Address.text();\n  cy.log(\"Address is \" + textAddress);\n  cy.wait(4000);\n  cy.addContext(\"Address is \" + textAddress);\n  let textSchedule = cy.xpath('//*[@class=\"scheduleContainerMobile-1RfmF\"]').text();\n  cy.log(\"Schedule is \" + textSchedule);\n  cy.wait(4000);\n  cy.addContext(\"Schedule is \" + textSchedule);\n} //end of then\n//scroll using x and y\n//cy.scrollTo(x, y)\n//select\n//cy.xpath('xpath syntax').select('user value by text')\n//sleep\n//cy.wait(3000)\n//increase viewport of ui\n//cy.viewport(1080, 720)\n//click on specific element by index number\n//cy.xpath('').eq(0).click();\n);",
              "err": {
                "message": "TypeError: cy.xpath(...).text is not a function",
                "estack": "TypeError: cy.xpath(...).text is not a function\n    at Context.eval (https://www.weightwatchers.com/__cypress/tests?p=cypress\\integration\\specs\\WeightWatchersTest.spec.js:123:82)",
                "diff": null
              },
              "uuid": "9e96deec-d3b4-476c-a80c-df7571a59d5c",
              "parentUUID": "359c26aa-ba17-4b6e-8d57-4de9d5f64d8a",
              "isHook": false,
              "skipped": false
            }
          ],
          "suites": [],
          "passes": [],
          "failures": [
            "9e96deec-d3b4-476c-a80c-df7571a59d5c"
          ],
          "pending": [],
          "skipped": [],
          "duration": 49550,
          "root": false,
          "rootEmpty": false,
          "_timeout": 2000
        }
      ],
      "passes": [],
      "failures": [],
      "pending": [],
      "skipped": [],
      "duration": 0,
      "root": true,
      "rootEmpty": true,
      "_timeout": 2000
    }
  ],
  "meta": {
    "mocha": {
      "version": "7.0.1"
    },
    "mochawesome": {
      "options": {
        "quiet": false,
        "reportFilename": "mochawesome",
        "saveHtml": true,
        "saveJson": true,
        "consoleReporter": "spec",
        "useInlineDiffs": false,
        "code": true
      },
      "version": "7.0.1"
    },
    "marge": {
      "options": {
        "charts": true,
        "overwrite": false,
        "html": true,
        "json": true,
        "reportDir": "cypress/report/mochawesome-report",
        "embeddedScreenshots": true,
        "inlineAssets": true,
        "pageLoadTimeout": 12000,
        "trashAssetsBeforeRuns": true,
        "defaultCommandTimeout": 20000
      },
      "version": "6.0.1"
    }
  }
}