{
  "stats": {
    "suites": 0,
    "tests": 1,
    "passes": 0,
    "pending": 0,
    "failures": 1,
    "start": "2022-07-21T21:43:48.492Z",
    "end": "2022-07-21T21:43:48.765Z",
    "duration": 273,
    "testsRegistered": 1,
    "passPercent": 0,
    "pendingPercent": 0,
    "other": 0,
    "hasOther": false,
    "skipped": 0,
    "hasSkipped": false
  },
  "results": [
    {
      "uuid": "078cdba9-4cb4-4415-bd74-44eeda4e3f02",
      "title": "",
      "fullFile": "cypress/integration/specs/TakeHome.spec.js",
      "file": "cypress/integration/specs/TakeHome.spec.js",
      "beforeHooks": [],
      "afterHooks": [],
      "tests": [
        {
          "title": "An uncaught error was detected outside of a test",
          "fullTitle": "An uncaught error was detected outside of a test",
          "timedOut": null,
          "duration": 253,
          "state": "failed",
          "speed": null,
          "pass": false,
          "fail": true,
          "pending": false,
          "context": null,
          "code": "throw err;",
          "err": {
            "message": "TypeError: The following error originated from your test code, not from Cypress.\n\n  > Test argument \"title\" should be a string. Received type \"function\"\n\nWhen Cypress detects uncaught errors originating from your test code it will automatically fail the current test.\n\nCypress could not associate this error to any specific test.\n\nWe dynamically generated a new test to display this failure.",
            "estack": "TypeError: The following error originated from your test code, not from Cypress.\n\n  > Test argument \"title\" should be a string. Received type \"function\"\n\nWhen Cypress detects uncaught errors originating from your test code it will automatically fail the current test.\n\nCypress could not associate this error to any specific test.\n\nWe dynamically generated a new test to display this failure.\n    at createInvalidArgumentTypeError (http://localhost:60246/__cypress/runner/cypress_runner.js:120859:13)\n    at new Test (http://localhost:60246/__cypress/runner/cypress_runner.js:127648:11)\n    at context.it.context.specify (http://localhost:60246/__cypress/runner/cypress_runner.js:121059:18)\n    at http://localhost:60246/__cypress/runner/cypress_runner.js:177738:21\n    at http://localhost:60246/__cypress/runner/cypress_runner.js:180739:16\n    at arrayEach (http://localhost:60246/__cypress/runner/cypress_runner.js:41318:11)\n    at Function.forEach (http://localhost:60246/__cypress/runner/cypress_runner.js:50198:14)\n    at evalScripts (http://localhost:60246/__cypress/runner/cypress_runner.js:180738:49)\n    at http://localhost:60246/__cypress/runner/cypress_runner.js:180746:152\n    at tryCatcher (http://localhost:60246/__cypress/runner/cypress_runner.js:13196:23)\n    at Promise._settlePromiseFromHandler (http://localhost:60246/__cypress/runner/cypress_runner.js:11131:31)\n    at Promise._settlePromise (http://localhost:60246/__cypress/runner/cypress_runner.js:11188:18)\n    at Promise._settlePromise0 (http://localhost:60246/__cypress/runner/cypress_runner.js:11233:10)\n    at Promise._settlePromises (http://localhost:60246/__cypress/runner/cypress_runner.js:11313:18)\n    at Promise._fulfill (http://localhost:60246/__cypress/runner/cypress_runner.js:11257:18)\n    at PromiseArray._resolve (http://localhost:60246/__cypress/runner/cypress_runner.js:11530:19)",
            "diff": null
          },
          "uuid": "27baa7f1-409f-4228-897b-b394c9d0962c",
          "parentUUID": "078cdba9-4cb4-4415-bd74-44eeda4e3f02",
          "isHook": false,
          "skipped": false
        }
      ],
      "suites": [],
      "passes": [],
      "failures": [
        "27baa7f1-409f-4228-897b-b394c9d0962c"
      ],
      "pending": [],
      "skipped": [],
      "duration": 253,
      "root": true,
      "rootEmpty": false,
      "_timeout": 2000
    }
  ],
  "meta": {
    "mocha": {
      "version": "7.0.1"
    },
    "mochawesome": {
      "options": {
        "quiet": false,
        "reportFilename": "mochawesome",
        "saveHtml": true,
        "saveJson": true,
        "consoleReporter": "spec",
        "useInlineDiffs": false,
        "code": true
      },
      "version": "7.0.1"
    },
    "marge": {
      "options": {
        "charts": true,
        "overwrite": false,
        "html": true,
        "json": true,
        "reportDir": "cypress/report/mochawesome-report",
        "embeddedScreenshots": true,
        "inlineAssets": true,
        "pageLoadTimeout": 12000,
        "trashAssetsBeforeRuns": true,
        "defaultCommandTimeout": 20000
      },
      "version": "6.0.1"
    }
  }
}