{
  "stats": {
    "suites": 1,
    "tests": 1,
    "passes": 1,
    "pending": 0,
    "failures": 0,
    "start": "2022-07-22T21:56:10.646Z",
    "end": "2022-07-22T21:56:46.551Z",
    "duration": 35905,
    "testsRegistered": 1,
    "passPercent": 100,
    "pendingPercent": 0,
    "other": 0,
    "hasOther": false,
    "skipped": 0,
    "hasSkipped": false
  },
  "results": [
    {
      "uuid": "398e9d99-d6b6-40a7-a320-5d92ceda15cf",
      "title": "",
      "fullFile": "cypress/integration/specs/TakeHome.spec.js",
      "file": "cypress/integration/specs/TakeHome.spec.js",
      "beforeHooks": [],
      "afterHooks": [],
      "tests": [],
      "suites": [
        {
          "uuid": "cda12057-e30f-4c9e-8e89-e9ccdb607812",
          "title": "take home test",
          "fullFile": "",
          "file": "",
          "beforeHooks": [],
          "afterHooks": [],
          "tests": [
            {
              "title": "Navigate to rx-devtest site",
              "fullTitle": "take home test Navigate to rx-devtest site",
              "timedOut": null,
              "duration": 34265,
              "state": "passed",
              "speed": "slow",
              "pass": true,
              "fail": false,
              "pending": false,
              "context": null,
              "code": "//SIGN UP - POSITIVE TEST SCENARIO\ncy.visit('https://rx-devtest.com');\ncy.xpath('//a[@href=\"#/register\"]').click();\ncy.xpath('//input[@placeholder=\"Username\"]').click();\ncy.xpath('//input[@placeholder=\"Username\"]').type('user1234');\ncy.xpath('//input[@placeholder=\"Email\"]').click();\ncy.xpath('//input[@placeholder=\"Email\"]').type('email1234@yahoo.com');\ncy.xpath('//input[@placeholder=\"Password\"]').click();\ncy.xpath('//input[@placeholder=\"Password\"]').type('P@ssW0rd22'); //cy.xpath('//button[@type=\"submit\"]').click();\ncy.wait(3000); //SIGN UP - NEGATIVE TEST SCENARIO\ncy.visit('https://rx-devtest.com');\ncy.xpath('//a[@href=\"#/register\"]').click();\ncy.xpath('//input[@placeholder=\"Username\"]').click();\ncy.xpath('//input[@placeholder=\"Username\"]').type('123');\ncy.xpath('//input[@placeholder=\"Email\"]').click();\ncy.xpath('//input[@placeholder=\"Email\"]').type('123@');\ncy.xpath('//input[@placeholder=\"Password\"]').click();\ncy.xpath('//input[@placeholder=\"Password\"]').type('123456');\ncy.xpath('//button[@type=\"submit\"]').click();\ncy.wait(3000); //LOGIN - NEGATIVE TEST\ncy.visit('https://rx-devtest.com');\ncy.xpath('//a[@href=\"#/login\"]').click();\ncy.xpath('//input[@placeholder=\"Email\"]').click();\ncy.xpath('//input[@placeholder=\"Email\"]').type(\"email123@yahoo.com\");\ncy.xpath('//input[@placeholder=\"Password\"]').click();\ncy.xpath('//input[@placeholder=\"Password\"]').type(\"P@ssword12\");\ncy.xpath('//button[@type=\"submit\"]').click();\ncy.wait(3000);\ncy.xpath('//ul[@class=\"error-messages\"]').then($incorrectLogin => {\n  let textincorrectLogin = $incorrectLogin.text();\n  cy.log(\"Incorrect Login Message is \" + textincorrectLogin);\n  cy.wait(7000); //LOGIN - POSITIVE TEST\n  cy.visit('https://rx-devtest.com');\n  cy.xpath('//a[@href=\"#/login\"]').click();\n  cy.xpath('//input[@placeholder=\"Email\"]').click();\n  cy.xpath('//input[@placeholder=\"Email\"]').type(\"email123@yahoo.com\");\n  cy.xpath('//input[@placeholder=\"Password\"]').click();\n  cy.xpath('//input[@placeholder=\"Password\"]').type(\"P@ssword123\");\n  cy.xpath('//button[@type=\"submit\"]').click();\n  cy.wait(3000);\n  cy.xpath('//div[@class=\"article-preview\"]').then($Validation => {\n    let textValidation = $Validation.text();\n    cy.log(\"Successful Login Redirect Page Message is \" + textValidation);\n    cy.wait(7000);\n  }); //end of then\n}); //end of it",
              "err": {},
              "uuid": "1e863549-d48d-4b67-bdfd-c182bc2817a4",
              "parentUUID": "cda12057-e30f-4c9e-8e89-e9ccdb607812",
              "isHook": false,
              "skipped": false
            }
          ],
          "suites": [],
          "passes": [
            "1e863549-d48d-4b67-bdfd-c182bc2817a4"
          ],
          "failures": [],
          "pending": [],
          "skipped": [],
          "duration": 34265,
          "root": false,
          "rootEmpty": false,
          "_timeout": 2000
        }
      ],
      "passes": [],
      "failures": [],
      "pending": [],
      "skipped": [],
      "duration": 0,
      "root": true,
      "rootEmpty": true,
      "_timeout": 2000
    }
  ],
  "meta": {
    "mocha": {
      "version": "7.0.1"
    },
    "mochawesome": {
      "options": {
        "quiet": false,
        "reportFilename": "mochawesome",
        "saveHtml": true,
        "saveJson": true,
        "consoleReporter": "spec",
        "useInlineDiffs": false,
        "code": true
      },
      "version": "7.0.1"
    },
    "marge": {
      "options": {
        "charts": true,
        "overwrite": false,
        "html": true,
        "json": true,
        "reportDir": "cypress/report/mochawesome-report",
        "embeddedScreenshots": true,
        "inlineAssets": true,
        "pageLoadTimeout": 12000,
        "trashAssetsBeforeRuns": true,
        "defaultCommandTimeout": 20000
      },
      "version": "6.0.1"
    }
  }
}