{
  "stats": {
    "suites": 1,
    "tests": 1,
    "passes": 1,
    "pending": 0,
    "failures": 0,
    "start": "2022-06-26T16:35:03.564Z",
    "end": "2022-06-26T16:35:58.906Z",
    "duration": 55342,
    "testsRegistered": 1,
    "passPercent": 100,
    "pendingPercent": 0,
    "other": 0,
    "hasOther": false,
    "skipped": 0,
    "hasSkipped": false
  },
  "results": [
    {
      "uuid": "4e350654-9061-4b5c-8be6-70cfd074a48e",
      "title": "",
      "fullFile": "cypress/integration/specs/WeightWatchersTest.spec.js",
      "file": "cypress/integration/specs/WeightWatchersTest.spec.js",
      "beforeHooks": [],
      "afterHooks": [],
      "tests": [],
      "suites": [
        {
          "uuid": "d68e3e3c-2c54-4eb8-a79c-c3c02ab9a5e7",
          "title": "Capture operation hours for weight watchers in person visit",
          "fullFile": "",
          "file": "",
          "beforeHooks": [],
          "afterHooks": [],
          "tests": [
            {
              "title": "Navigate to weight watchers and capture in person visit hours",
              "fullTitle": "Capture operation hours for weight watchers in person visit Navigate to weight watchers and capture in person visit hours",
              "timedOut": null,
              "duration": 52109,
              "state": "passed",
              "speed": "slow",
              "pass": true,
              "fail": false,
              "pending": false,
              "context": "\"Address is WW Studio Springfield491 Baltimore PikeSpringfield, PA 19064More Info     \"",
              "code": "cy.visit('https://www.weightwatchers.com');\ncy.xpath('//*[@data-e2e-name=\"find_a workshop\"]').click({\n  force: true\n});\ncy.wait(7000);\ncy.xpath('//input[@id=\"location-search\"]').click({\n  force: true\n});\ncy.xpath('//input[@id=\"location-search\"]').type('19082');\ncy.xpath('//input[@id=\"location-search\"]').type('{enter}');\ncy.wait(7000);\ncy.xpath('//*[@class=\"heading-3yCF-\"]').eq(3).click({\n  force: true\n});\ncy.xpath('//*[@class=\"infoContainer-12kv1\"]').then($Address => {\n  let textAddress = $Address.text();\n  cy.log(\"Address is \" + textAddress);\n  cy.addContext(\"Address is \" + textAddress);\n} //end of then\n//scroll using x and y\n//cy.scrollTo(x, y)\n//select\n//cy.xpath('xpath syntax').select('user value by text')\n//sleep\n//cy.wait(3000)\n//increase viewport of ui\n//cy.viewport(1080, 720)\n//click on specific element by index number\n//cy.xpath('').eq(0).click();\n);",
              "err": {},
              "uuid": "9942b9e7-892d-4e46-99f1-c2d33c74761c",
              "parentUUID": "d68e3e3c-2c54-4eb8-a79c-c3c02ab9a5e7",
              "isHook": false,
              "skipped": false
            }
          ],
          "suites": [],
          "passes": [
            "9942b9e7-892d-4e46-99f1-c2d33c74761c"
          ],
          "failures": [],
          "pending": [],
          "skipped": [],
          "duration": 52109,
          "root": false,
          "rootEmpty": false,
          "_timeout": 2000
        }
      ],
      "passes": [],
      "failures": [],
      "pending": [],
      "skipped": [],
      "duration": 0,
      "root": true,
      "rootEmpty": true,
      "_timeout": 2000
    }
  ],
  "meta": {
    "mocha": {
      "version": "7.0.1"
    },
    "mochawesome": {
      "options": {
        "quiet": false,
        "reportFilename": "mochawesome",
        "saveHtml": true,
        "saveJson": true,
        "consoleReporter": "spec",
        "useInlineDiffs": false,
        "code": true
      },
      "version": "7.0.1"
    },
    "marge": {
      "options": {
        "charts": true,
        "overwrite": false,
        "html": true,
        "json": true,
        "reportDir": "cypress/report/mochawesome-report",
        "embeddedScreenshots": true,
        "inlineAssets": true,
        "pageLoadTimeout": 12000,
        "trashAssetsBeforeRuns": true,
        "defaultCommandTimeout": 20000
      },
      "version": "6.0.1"
    }
  }
}