{
  "stats": {
    "suites": 1,
    "tests": 1,
    "passes": 0,
    "pending": 0,
    "failures": 1,
    "start": "2022-07-23T06:17:00.534Z",
    "end": "2022-07-23T06:17:16.996Z",
    "duration": 16462,
    "testsRegistered": 1,
    "passPercent": 0,
    "pendingPercent": 0,
    "other": 0,
    "hasOther": false,
    "skipped": 0,
    "hasSkipped": false
  },
  "results": [
    {
      "uuid": "26d9b0b5-fa77-48ba-a1de-ae78f073c401",
      "title": "",
      "fullFile": "cypress/integration/specs/TakeHome.spec.js",
      "file": "cypress/integration/specs/TakeHome.spec.js",
      "beforeHooks": [],
      "afterHooks": [],
      "tests": [],
      "suites": [
        {
          "uuid": "bc23cc86-89ef-4d6c-a878-bea9c4040540",
          "title": "take home test",
          "fullFile": "",
          "file": "",
          "beforeHooks": [],
          "afterHooks": [],
          "tests": [
            {
              "title": "Navigate to Sign Up Page & Sign Up as a New User - Positive Test",
              "fullTitle": "take home test Navigate to Sign Up Page & Sign Up as a New User - Positive Test",
              "timedOut": null,
              "duration": 14470,
              "state": "failed",
              "speed": null,
              "pass": false,
              "fail": true,
              "pending": false,
              "context": null,
              "code": "const signup = new _SignUpPage.SignUp();\nconst home = new _HomePage.Home();\nconst settings = new _SettingsPage.Settings(); //navigate to page\ncy.visit('https://rx-devtest.com'); //click on register\nsignup.clickonregister(); //click on username field\nsignup.clickonusername(); //enter user name\nsignup.typeusername(\"user215\"); //click on email field\nsignup.clickonemail(); //enter email\nsignup.typeemail(\"email215@gmail.com\"); //click on password field\nsignup.clickonpassword(); //enter password\nsignup.typepassword(\"P@ssWord22\"); //click on sign up button\n//signup.clickonsignupbutton();\n//cy.wait(3000);\n//click on settings\n//home.clickonsettings();\n//cy.wait(3000);\n//click on logout\n//settings.clickonlogout();\n//SIGNUP NEGATIVE TEST\n//navigate to page\ncy.visit('https://rx-devtest.com'); //click on register\nsignup.clickonregister(); //click on username field\nsignup.clickonusername(); //enter user name\nsignup.typeusername(\"123\"); //click on email field\nsignup.clickonemail(); //enter email\nsignup.typeemail(\"123@\"); //click on password field\nsignup.clickonpassword(); //enter password\nsignup.typepassword(\"123456\"); //click on sign up button\nsignup.clickonsignupbutton();\ncy.wait(3000); //cy.xpath('//a[@href=\"#/register\"]').click();\n//cy.xpath('//input[@placeholder=\"Username\"]').click();\n//cy.xpath('//input[@placeholder=\"Username\"]').type('123');\n//cy.xpath('//input[@placeholder=\"Email\"]').click();\n//cy.xpath('//input[@placeholder=\"Email\"]').type('123@');\n//cy.xpath('//input[@placeholder=\"Password\"]').click();\n//cy.xpath('//input[@placeholder=\"Password\"]').type('123456');\n//cy.xpath('//button[@type=\"submit\"]').click();\n//LOGIN - NEGATIVE TEST\nconst signin = new _SignInPage.SignIn(); //navigate to page\ncy.visit('https://rx-devtest.com'); //click on email field\nsignin.clickonemail(); //enter email\nsignin.typeemail(\"email123@yahoo.com\"); //click on password field\nsignin.clickonpassword(); //enter password\nsignin.typepassword(\"P@ssword12\"); //click on sign in button\nsignin.clickonsigninbutton();\ncy.wait(3000);\ncy.xpath('//ul[@class=\"error-messages\"]').then($incorrectLogin => {\n  let textincorrectLogin = $incorrectLogin.text();\n  cy.log(\"Incorrect Login Message is \" + textincorrectLogin);\n  cy.wait(8000);\n}); //end of then\n//cy.xpath('//a[@href=\"#/login\"]').click();\n//cy.xpath('//input[@placeholder=\"Email\"]').click();\n//cy.xpath('//input[@placeholder=\"Email\"]').type(\"email123@yahoo.com\");\n//cy.xpath('//input[@placeholder=\"Password\"]').click();\n//cy.xpath('//input[@placeholder=\"Password\"]').type(\"P@ssword12\")\n//cy.xpath('//button[@type=\"submit\"]').click();\n//cy.wait(3000);\n//capturing and printing incorrect login message to console\n//cy.xpath('//ul[@class=\"error-messages\"]').then(($incorrectLogin) =>{\n//let textincorrectLogin = $incorrectLogin.text();\n//cy.log(\"Incorrect Login Message is \" + textincorrectLogin);\n//cy.wait(3000);   \n//})//end of then\n//LOGIN - POSITIVE TEST\ncy.visit('https://rx-devtest.com');\ncy.xpath('//a[@href=\"#/login\"]').click();\ncy.xpath('//input[@placeholder=\"Email\"]').click();\ncy.xpath('//input[@placeholder=\"Email\"]').type(\"email123@yahoo.com\");\ncy.xpath('//input[@placeholder=\"Password\"]').click();\ncy.xpath('//input[@placeholder=\"Password\"]').type(\"P@ssword123\");\ncy.xpath('//button[@type=\"submit\"]').click();\ncy.wait(3000); //capturing and printing message from user feed to console to validate login\ncy.xpath('//div[@class=\"article-preview\"]').then($Validation => {\n  let textValidation = $Validation.text();\n  cy.log(\"Successful Login Redirect Page Message is \" + textValidation);\n  cy.wait(3000);\n}); //end of then\n//CREATING A POST\ncy.xpath('//a[@href=\"#/editor\"]').click();\ncy.xpath('//input[@placeholder=\"Article Title\"]').click();\ncy.xpath('//input[@placeholder=\"Article Title\"]').type(\"HELLO RXMG\");\ncy.xpath('//input[@class=\"form-control\"]').eq(0).click();\ncy.xpath('//input[@class=\"form-control\"]').eq(0).type(\"TESTING\");\ncy.xpath('//textarea[@class=\"form-control\"]').type(\"Hello This is a Test\");\ncy.xpath('//input[@class=\"form-control\"]').eq(1).click();\ncy.xpath('//input[@class=\"form-control\"]').eq(1).type(\"Greeting\");\ncy.wait(3000);\ncy.xpath('//button[@type=\"button\"]').click();\ncy.wait(3000);\ncy.xpath('//textarea[@placeholder=\"Write a comment...\"]').click();\ncy.xpath('//textarea[@placeholder=\"Write a comment...\"]').type(\"Amazing 1st Post!\");\ncy.xpath('//button[@type=\"submit\"]').click();\ncy.xpath('//a[@href=\"#/\"]').eq(1).click();\ncy.xpath('//a[text()=\"Global Feed\"]').click(); //capturing and printing global feed to console to validate post\ncy.xpath('//a[@class=\"preview-link\"]').eq(0).then($postValidation => {\n  let textPostValidation = $postValidation.text();\n  cy.log(\"My post is displaying \" + textPostValidation);\n  cy.wait(3000);\n}); //end of then\n//capturing and printing user feed to console to validate post\ncy.xpath('//img[@class=\"user-pic\"]').click();\ncy.xpath('//div[@class=\"article-preview\"]').then($postValidationUser => {\n  let textPostValidationUser = $postValidationUser.text();\n  cy.log(\"My post is displaying \" + textPostValidationUser);\n  cy.wait(8000);\n}); //end of then\n//DELETING POST AND VALIDATING POST DELETION \ncy.xpath('//a[@class=\"preview-link\"]').eq(0).click();\ncy.xpath('//button[@class=\"btn btn-outline-danger btn-sm\"]').click();\ncy.xpath('//a[text()=\"Global Feed\"]').click();\ncy.wait(5000);\ncy.xpath('//img[@class=\"user-pic\"]').click();\ncy.wait(5000);",
              "err": {
                "message": "AssertionError: Timed out retrying after 7000ms: Expected to find element: `//input[@placeholder=\"Email\"]`, but never found it.",
                "estack": "AssertionError: Timed out retrying after 7000ms: Expected to find element: `//input[@placeholder=\"Email\"]`, but never found it.\n    at ensureExistence (https://rx-devtest.com/__cypress/runner/cypress_runner.js:163899:25)\n    at $Cy.ensureElExistence (https://rx-devtest.com/__cypress/runner/cypress_runner.js:163917:12)\n    at ensureExistence (https://rx-devtest.com/__cypress/runner/cypress_runner.js:151078:25)\n    at onFailFn (https://rx-devtest.com/__cypress/runner/cypress_runner.js:151118:11)\n    at tryCatcher (https://rx-devtest.com/__cypress/runner/cypress_runner.js:13196:23)\n    at Promise._settlePromiseFromHandler (https://rx-devtest.com/__cypress/runner/cypress_runner.js:11131:31)\n    at Promise._settlePromise (https://rx-devtest.com/__cypress/runner/cypress_runner.js:11188:18)\n    at Promise._settlePromise0 (https://rx-devtest.com/__cypress/runner/cypress_runner.js:11233:10)\n    at Promise._settlePromises (https://rx-devtest.com/__cypress/runner/cypress_runner.js:11309:18)\n    at _drainQueueStep (https://rx-devtest.com/__cypress/runner/cypress_runner.js:7903:12)\n    at _drainQueue (https://rx-devtest.com/__cypress/runner/cypress_runner.js:7896:9)\n    at ../../node_modules/bluebird/js/release/async.js.Async._drainQueues (https://rx-devtest.com/__cypress/runner/cypress_runner.js:7912:5)\n    at Async.drainQueues (https://rx-devtest.com/__cypress/runner/cypress_runner.js:7782:14)",
                "diff": null
              },
              "uuid": "88307c6e-cdff-4f08-8658-0af24b94f2a3",
              "parentUUID": "bc23cc86-89ef-4d6c-a878-bea9c4040540",
              "isHook": false,
              "skipped": false
            }
          ],
          "suites": [],
          "passes": [],
          "failures": [
            "88307c6e-cdff-4f08-8658-0af24b94f2a3"
          ],
          "pending": [],
          "skipped": [],
          "duration": 14470,
          "root": false,
          "rootEmpty": false,
          "_timeout": 2000
        }
      ],
      "passes": [],
      "failures": [],
      "pending": [],
      "skipped": [],
      "duration": 0,
      "root": true,
      "rootEmpty": true,
      "_timeout": 2000
    }
  ],
  "meta": {
    "mocha": {
      "version": "7.0.1"
    },
    "mochawesome": {
      "options": {
        "quiet": false,
        "reportFilename": "mochawesome",
        "saveHtml": true,
        "saveJson": true,
        "consoleReporter": "spec",
        "useInlineDiffs": false,
        "code": true
      },
      "version": "7.0.1"
    },
    "marge": {
      "options": {
        "charts": true,
        "overwrite": false,
        "html": true,
        "json": true,
        "reportDir": "cypress/report/mochawesome-report",
        "embeddedScreenshots": true,
        "inlineAssets": true,
        "pageLoadTimeout": 12000,
        "trashAssetsBeforeRuns": true,
        "defaultCommandTimeout": 20000
      },
      "version": "6.0.1"
    }
  }
}