{
  "stats": {
    "suites": 1,
    "tests": 1,
    "passes": 1,
    "pending": 0,
    "failures": 0,
    "start": "2022-07-23T15:26:34.288Z",
    "end": "2022-07-23T15:27:54.503Z",
    "duration": 80215,
    "testsRegistered": 1,
    "passPercent": 100,
    "pendingPercent": 0,
    "other": 0,
    "hasOther": false,
    "skipped": 0,
    "hasSkipped": false
  },
  "results": [
    {
      "uuid": "202f2bed-8c7c-4308-bfa5-81fae4ee6c4d",
      "title": "",
      "fullFile": "cypress/integration/specs/TakeHome.spec.js",
      "file": "cypress/integration/specs/TakeHome.spec.js",
      "beforeHooks": [],
      "afterHooks": [],
      "tests": [],
      "suites": [
        {
          "uuid": "2bfe6159-6d45-45cc-ae24-a2b5aafc10ba",
          "title": "take home test",
          "fullFile": "",
          "file": "",
          "beforeHooks": [],
          "afterHooks": [],
          "tests": [
            {
              "title": "Navigate to Sign Up Page & Sign Up as a New User - Positive Test",
              "fullTitle": "take home test Navigate to Sign Up Page & Sign Up as a New User - Positive Test",
              "timedOut": null,
              "duration": 74982,
              "state": "passed",
              "speed": "slow",
              "pass": true,
              "fail": false,
              "pending": false,
              "context": null,
              "code": "const signup = new _SignUpPage.SignUp();\nconst home = new _HomePage.Home();\nconst settings = new _SettingsPage.Settings();\nconst web = new _WebPage.Web();\nconst newpost = new _NewPostPage.NewPost();\nconst articlehome = new _ArticleHomePage.ArticleHome(); //navigate to page\ncy.visit('https://rx-devtest.com'); //click on register\nweb.clickonregister(); //click on username field\nsignup.clickonusername(); //enter user name\nsignup.typeusername(\"user215\"); //click on email field\nsignup.clickonemail(); //enter email\nsignup.typeemail(\"email215@gmail.com\"); //click on password field\nsignup.clickonpassword(); //enter password\nsignup.typepassword(\"P@ssWord22\"); //click on sign up button\n//signup.clickonsignupbutton();\n//cy.wait(3000);\n//click on settings\n//home.clickonsettings();\n//cy.wait(3000);\n//click on logout\n//settings.clickonlogout();\n//SIGNUP NEGATIVE TEST\n//navigate to page\ncy.visit('https://rx-devtest.com'); //click on register\nweb.clickonregister(); //click on username field\nsignup.clickonusername(); //enter user name\nsignup.typeusername(\"123\"); //click on email field\nsignup.clickonemail(); //enter email\nsignup.typeemail(\"123@\"); //click on password field\nsignup.clickonpassword(); //enter password\nsignup.typepassword(\"123456\"); //click on sign up button\nsignup.clickonsignupbutton();\ncy.wait(3000); //LOGIN - NEGATIVE TEST\nconst signin = new _SignInPage.SignIn(); //navigate to page\ncy.visit('https://rx-devtest.com'); //click on Sign in\nweb.clickonsignin(); //click on email field\nsignin.clickonemail(); //enter email\nsignin.typeemail(\"email123@yahoo.com\"); //click on password field\nsignin.clickonpassword(); //enter password\nsignin.typepassword(\"P@ssword12\"); //click on sign in button\nsignin.clickonsigninbutton();\ncy.wait(3000);\ncy.xpath('//ul[@class=\"error-messages\"]').then($incorrectLogin => {\n  let textincorrectLogin = $incorrectLogin.text();\n  cy.log(\"Incorrect Login Message is \" + textincorrectLogin);\n  cy.wait(8000);\n}); //end of then\n//LOGIN - POSITIVE TEST\n//navigate to page\ncy.visit('https://rx-devtest.com'); //click on Sign in\nweb.clickonsignin(); //click on email field\nsignin.clickonemail(); //enter email\nsignin.typeemail(\"email123@yahoo.com\"); //click on password field\nsignin.clickonpassword(); //enter password\nsignin.typepassword(\"P@ssword123\"); //click on sign in button\nsignin.clickonsigninbutton();\ncy.wait(3000); //capturing and printing message from user feed to console to validate login\ncy.xpath('//div[@class=\"article-preview\"]').then($Validation => {\n  let textValidation = $Validation.text();\n  cy.log(\"Successful Login Redirect Page Message is \" + textValidation);\n  cy.wait(3000);\n}); //end of then\n//CREATING A POST\n//click on New Post\nhome.clickonnewpost(); //click on Article Title\nnewpost.clickonarticletitle(); //enter Article Title\nnewpost.typearticletitle(\"HELLO RXMG\"); //click on What's this article about\nnewpost.clickonarticleabout(); //enter What's this article about\nnewpost.typearticleabout(\"TESTING\"); //click on Write your article\nnewpost.clickonarticlewrite(); //enter and write your article\nnewpost.typearticlewrite(\"Hello This is a Test\"); //click on Enter tags\nnewpost.clickonarticletag(); //enter tags\nnewpost.typearticletag(\"Greeting\");\ncy.wait(3000);\nnewpost.clickonarticlepublish();\ncy.wait(3000); //click on Write a comment field\narticlehome.clickoncommentarticle(); //enter comment in comment field\narticlehome.typecommentarticle(\"Amazing 1st Post!\"); //click on Post Comment\narticlehome.clickonpostcomment(); //click on home button\narticlehome.clickonhome(); //click on Global Feed\nhome.clickonglobalfeed();\ncy.xpath('//a[@class=\"preview-link\"]').eq(0).then($postValidation => {\n  let textPostValidation = $postValidation.text();\n  cy.log(\"My post is displaying \" + textPostValidation);\n  cy.wait(3000);\n}); //end of then\n//capturing and printing user feed to console to validate post\n//cy.xpath('//img[@class=\"user-pic\"]').click();\nhome.clickonuserimage();\ncy.xpath('//div[@class=\"article-preview\"]').then($postValidationUser => {\n  let textPostValidationUser = $postValidationUser.text();\n  cy.log(\"My post is displaying \" + textPostValidationUser);\n  cy.wait(8000);\n}); //end of then\n//DELETING POST AND VALIDATING POST DELETION \n//click on user post\nhome.clickonuserpostlink(); //click on Delete Article\narticlehome.clickondeletearticle(); //click on Global Feed\nhome.clickonglobalfeed();\ncy.wait(5000);\nhome.clickonuserimage();\ncy.wait(5000); //cy.xpath('//a[@class=\"preview-link\"]').eq(0).click();\n//cy.xpath('//button[@class=\"btn btn-outline-danger btn-sm\"]').click();\n//cy.xpath('//a[text()=\"Global Feed\"]').click();\n//cy.wait(5000);\n//cy.xpath('//img[@class=\"user-pic\"]').click();\n//cy.wait(5000);",
              "err": {},
              "uuid": "3616a57e-654e-4fd1-9019-b2d3abd1f687",
              "parentUUID": "2bfe6159-6d45-45cc-ae24-a2b5aafc10ba",
              "isHook": false,
              "skipped": false
            }
          ],
          "suites": [],
          "passes": [
            "3616a57e-654e-4fd1-9019-b2d3abd1f687"
          ],
          "failures": [],
          "pending": [],
          "skipped": [],
          "duration": 74982,
          "root": false,
          "rootEmpty": false,
          "_timeout": 2000
        }
      ],
      "passes": [],
      "failures": [],
      "pending": [],
      "skipped": [],
      "duration": 0,
      "root": true,
      "rootEmpty": true,
      "_timeout": 2000
    }
  ],
  "meta": {
    "mocha": {
      "version": "7.0.1"
    },
    "mochawesome": {
      "options": {
        "quiet": false,
        "reportFilename": "mochawesome",
        "saveHtml": true,
        "saveJson": true,
        "consoleReporter": "spec",
        "useInlineDiffs": false,
        "code": true
      },
      "version": "7.0.1"
    },
    "marge": {
      "options": {
        "charts": true,
        "overwrite": false,
        "html": true,
        "json": true,
        "reportDir": "cypress/report/mochawesome-report",
        "embeddedScreenshots": true,
        "inlineAssets": true,
        "pageLoadTimeout": 12000,
        "trashAssetsBeforeRuns": true,
        "defaultCommandTimeout": 20000
      },
      "version": "6.0.1"
    }
  }
}