{
  "stats": {
    "suites": 1,
    "tests": 1,
    "passes": 0,
    "pending": 0,
    "failures": 1,
    "start": "2022-06-26T15:50:14.587Z",
    "end": "2022-06-26T15:52:07.707Z",
    "duration": 113120,
    "testsRegistered": 1,
    "passPercent": 0,
    "pendingPercent": 0,
    "other": 0,
    "hasOther": false,
    "skipped": 0,
    "hasSkipped": false
  },
  "results": [
    {
      "uuid": "4e971d88-9d34-4390-8895-d2cf67a7a4c6",
      "title": "",
      "fullFile": "cypress/integration/specs/WeightWatchersTest.spec.js",
      "file": "cypress/integration/specs/WeightWatchersTest.spec.js",
      "beforeHooks": [],
      "afterHooks": [],
      "tests": [],
      "suites": [
        {
          "uuid": "4eeca4f1-5626-4453-a169-98d465aa099f",
          "title": "Capture operation hours for weight watchers in person visit",
          "fullFile": "",
          "file": "",
          "beforeHooks": [],
          "afterHooks": [],
          "tests": [
            {
              "title": "Navigate to weight watchers and capture in person visit hours",
              "fullTitle": "Capture operation hours for weight watchers in person visit Navigate to weight watchers and capture in person visit hours",
              "timedOut": null,
              "duration": 105397,
              "state": "failed",
              "speed": null,
              "pass": false,
              "fail": true,
              "pending": false,
              "context": null,
              "code": "cy.visit('https://www.weightwatchers.com');\ncy.xpath('//*[@data-e2e-name=\"find_a workshop\"]').click({\n  force: true\n});\ncy.wait(5000);\ncy.xpath('//input[@id=\"location-search\"]').click({\n  force: true\n});\ncy.xpath('//input[@id=\"location-search\"]').type('19082');\ncy.xpath('//input[@id=\"location-search\"]').type('{enter}');\ncy.wait(5000);\ncy.xpath('//*[@class=\"heading-3yCF-\"]').eq(0).click({\n  force: true\n}); //scroll using x and y\n//cy.scrollTo(x, y)\n//select\n//cy.xpath('xpath syntax').select('user value by text')\n//sleep\n//cy.wait(3000)\n//increase viewport of ui\n//cy.viewport(1080, 720)\n//click on specific element by index number\ncy.xpath('').eq(0).click();",
              "err": {
                "message": "SyntaxError: Failed to execute 'evaluate' on 'Document': The string '' is not a valid XPath expression.",
                "estack": "SyntaxError: Failed to execute 'evaluate' on 'Document': The string '' is not a valid XPath expression.\nError: Failed to execute 'evaluate' on 'Document': The string '' is not a valid XPath expression.",
                "diff": null
              },
              "uuid": "091ed8d0-fd0a-489e-b1e0-145cd03c8960",
              "parentUUID": "4eeca4f1-5626-4453-a169-98d465aa099f",
              "isHook": false,
              "skipped": false
            }
          ],
          "suites": [],
          "passes": [],
          "failures": [
            "091ed8d0-fd0a-489e-b1e0-145cd03c8960"
          ],
          "pending": [],
          "skipped": [],
          "duration": 105397,
          "root": false,
          "rootEmpty": false,
          "_timeout": 2000
        }
      ],
      "passes": [],
      "failures": [],
      "pending": [],
      "skipped": [],
      "duration": 0,
      "root": true,
      "rootEmpty": true,
      "_timeout": 2000
    }
  ],
  "meta": {
    "mocha": {
      "version": "7.0.1"
    },
    "mochawesome": {
      "options": {
        "quiet": false,
        "reportFilename": "mochawesome",
        "saveHtml": true,
        "saveJson": true,
        "consoleReporter": "spec",
        "useInlineDiffs": false,
        "code": true
      },
      "version": "7.0.1"
    },
    "marge": {
      "options": {
        "charts": true,
        "overwrite": false,
        "html": true,
        "json": true,
        "reportDir": "cypress/report/mochawesome-report",
        "embeddedScreenshots": true,
        "inlineAssets": true,
        "pageLoadTimeout": 12000,
        "trashAssetsBeforeRuns": true,
        "defaultCommandTimeout": 20000
      },
      "version": "6.0.1"
    }
  }
}